<?xml version="1.0" encoding="UTF-8"?>
<testsuite name="JUnit Jupiter" tests="39" skipped="0" failures="0" errors="0" time="0.122" hostname="Mac" timestamp="2026-09-17T10:30:19">
<properties>
[...]
</properties>
<testcase name="allowsUnscheduledStates(String)[3]" classname="com.careconnect.service.cerner.CernerResourceMapperTest" time="0">
<system-out><![CDATA[
unique-id: [engine:junit-jupiter]/[class:com.careconnect.service.cerner.CernerResourceMapperTest]/[test-template:allowsUnscheduledStates(java.lang.String)]/[test-template-invocation:#3]
display-name: [3] waitlist
]]></system-out>
</testcase>
<testcase name="allowsUnscheduledStates(String)[1]" classname="com.careconnect.service.cerner.CernerResourceMapperTest" time="0">
<system-out><![CDATA[
unique-id: [engine:junit-jupiter]/[class:com.careconnect.service.cerner.CernerResourceMapperTest]/[test-template:allowsUnscheduledStates(java.lang.String)]/[test-template-invocation:#1]
display-name: [1] proposed
]]></system-out>
</testcase>
<testcase name="allowsUnscheduledStates(String)[2]" classname="com.careconnect.service.cerner.CernerResourceMapperTest" time="0">
<system-out><![CDATA[
unique-id: [engine:junit-jupiter]/[class:com.careconnect.service.cerner.CernerResourceMapperTest]/[test-template:allowsUnscheduledStates(java.lang.String)]/[test-template-invocation:#2]
display-name: [2] cancelled
]]></system-out>
</testcase>
<testcase name="hidesEnteredInError()" classname="com.careconnect.service.cerner.CernerResourceMapperTest" time="0">
<system-out><![CDATA[
unique-id: [engine:junit-jupiter]/[class:com.careconnect.service.cerner.CernerResourceMapperTest]/[method:hidesEnteredInError()]
display-name: hidesEnteredInError()
]]></system-out>
</testcase>
<testcase name="rejectsUnknownStatusAndInvalidDuration()" classname="com.careconnect.service.cerner.CernerResourceMapperTest" time="0">
<system-out><![CDATA[
unique-id: [engine:junit-jupiter]/[class:com.careconnect.service.cerner.CernerResourceMapperTest]/[method:rejectsUnknownStatusAndInvalidDuration()]
display-name: rejectsUnknownStatusAndInvalidDuration()
]]></system-out>
</testcase>
<testcase name="repeatMappingHasStableIdentity()" classname="com.careconnect.service.cerner.CernerResourceMapperTest" time="0">
<system-out><![CDATA[
unique-id: [engine:junit-jupiter]/[class:com.careconnect.service.cerner.CernerResourceMapperTest]/[method:repeatMappingHasStableIdentity()]
display-name: repeatMappingHasStableIdentity()
]]></system-out>
</testcase>
<testcase name="rejectsUnsafePatientReferences(String)[7]" classname="com.careconnect.service.cerner.CernerResourceMapperTest" time="0">
<system-out><![CDATA[
unique-id: [engine:junit-jupiter]/[class:com.careconnect.service.cerner.CernerResourceMapperTest]/[test-template:rejectsUnsafePatientReferences(java.lang.String)]/[test-template-invocation:#7]
display-name: [7] 
]]></system-out>
</testcase>
<testcase name="rejectsUnsafePatientReferences(String)[6]" classname="com.careconnect.service.cerner.CernerResourceMapperTest" time="0">
<system-out><![CDATA[
unique-id: [engine:junit-jupiter]/[class:com.careconnect.service.cerner.CernerResourceMapperTest]/[test-template:rejectsUnsafePatientReferences(java.lang.String)]/[test-template-invocation:#6]
display-name: [6] #p1
]]></system-out>
</testcase>
<testcase name="rejectsUnsafePatientReferences(String)[5]" classname="com.careconnect.service.cerner.CernerResourceMapperTest" time="0">
<system-out><![CDATA[
unique-id: [engine:junit-jupiter]/[class:com.careconnect.service.cerner.CernerResourceMapperTest]/[test-template:rejectsUnsafePatientReferences(java.lang.String)]/[test-template-invocation:#5]
display-name: [5] Patient/p1/_history/1
]]></system-out>
</testcase>
<testcase name="normalizesTimeWithoutReplacingDuration()" classname="com.careconnect.service.cerner.CernerResourceMapperTest" time="0">
<system-out><![CDATA[
unique-id: [engine:junit-jupiter]/[class:com.careconnect.service.cerner.CernerResourceMapperTest]/[method:normalizesTimeWithoutReplacingDuration()]
display-name: normalizesTimeWithoutReplacingDuration()
]]></system-out>
</testcase>
<testcase name="rejectsUnsafePatientReferences(String)[4]" classname="com.careconnect.service.cerner.CernerResourceMapperTest" time="0">
<system-out><![CDATA[
unique-id: [engine:junit-jupiter]/[class:com.careconnect.service.cerner.CernerResourceMapperTest]/[test-template:rejectsUnsafePatientReferences(java.lang.String)]/[test-template-invocation:#4]
display-name: [4] Patient/p1?extra=1
]]></system-out>
</testcase>
<testcase name="rejectsUnsafePatientReferences(String)[3]" classname="com.careconnect.service.cerner.CernerResourceMapperTest" time="0">
<system-out><![CDATA[
unique-id: [engine:junit-jupiter]/[class:com.careconnect.service.cerner.CernerResourceMapperTest]/[test-template:rejectsUnsafePatientReferences(java.lang.String)]/[test-template-invocation:#3]
display-name: [3] https://example.test/r4/tenant-two/Patient/p1
]]></system-out>
</testcase>
<testcase name="rejectsUnsafeBases(String)[4]" classname="com.careconnect.service.cerner.CernerResourceMapperTest" time="0">
<system-out><![CDATA[
unique-id: [engine:junit-jupiter]/[class:com.careconnect.service.cerner.CernerResourceMapperTest]/[test-template:rejectsUnsafeBases(java.lang.String)]/[test-template-invocation:#4]
display-name: [4] https://example.test/a/../r4
]]></system-out>
</testcase>
<testcase name="rejectsUnsafePatientReferences(String)[2]" classname="com.careconnect.service.cerner.CernerResourceMapperTest" time="0">
<system-out><![CDATA[
unique-id: [engine:junit-jupiter]/[class:com.careconnect.service.cerner.CernerResourceMapperTest]/[test-template:rejectsUnsafePatientReferences(java.lang.String)]/[test-template-invocation:#2]
display-name: [2] https://evil.test/Patient/p1
]]></system-out>
</testcase>
<testcase name="rejectsUnsafeBases(String)[3]" classname="com.careconnect.service.cerner.CernerResourceMapperTest" time="0">
<system-out><![CDATA[
unique-id: [engine:junit-jupiter]/[class:com.careconnect.service.cerner.CernerResourceMapperTest]/[test-template:rejectsUnsafeBases(java.lang.String)]/[test-template-invocation:#3]
display-name: [3] https://example.test/r4?token=x
]]></system-out>
</testcase>
<testcase name="preservesMultipleCodesAndSeparateNotesAndPartialCreated()" classname="com.careconnect.service.cerner.CernerResourceMapperTest" time="0">
<system-out><![CDATA[
unique-id: [engine:junit-jupiter]/[class:com.careconnect.service.cerner.CernerResourceMapperTest]/[method:preservesMultipleCodesAndSeparateNotesAndPartialCreated()]
display-name: preservesMultipleCodesAndSeparateNotesAndPartialCreated()
]]></system-out>
</testcase>
<testcase name="rejectsUnsafePatientReferences(String)[1]" classname="com.careconnect.service.cerner.CernerResourceMapperTest" time="0">
<system-out><![CDATA[
unique-id: [engine:junit-jupiter]/[class:com.careconnect.service.cerner.CernerResourceMapperTest]/[test-template:rejectsUnsafePatientReferences(java.lang.String)]/[test-template-invocation:#1]
display-name: [1] Patient/p2
]]></system-out>
</testcase>
<testcase name="rejectsUnsafeBases(String)[2]" classname="com.careconnect.service.cerner.CernerResourceMapperTest" time="0">
<system-out><![CDATA[
unique-id: [engine:junit-jupiter]/[class:com.careconnect.service.cerner.CernerResourceMapperTest]/[test-template:rejectsUnsafeBases(java.lang.String)]/[test-template-invocation:#2]
display-name: [2] https://user@example.test/r4
]]></system-out>
</testcase>
<testcase name="rejectsUnsafeBases(String)[1]" classname="com.careconnect.service.cerner.CernerResourceMapperTest" time="0">
<system-out><![CDATA[
unique-id: [engine:junit-jupiter]/[class:com.careconnect.service.cerner.CernerResourceMapperTest]/[test-template:rejectsUnsafeBases(java.lang.String)]/[test-template-invocation:#1]
display-name: [1] http://example.test/r4
]]></system-out>
</testcase>
<testcase name="defensiveCopiesAndNoRawNarrative()" classname="com.careconnect.service.cerner.CernerResourceMapperTest" time="0">
<system-out><![CDATA[
unique-id: [engine:junit-jupiter]/[class:com.careconnect.service.cerner.CernerResourceMapperTest]/[method:defensiveCopiesAndNoRawNarrative()]
display-name: defensiveCopiesAndNoRawNarrative()
]]></system-out>
</testcase>
<testcase name="rejectsBadBirthDate(String)[4]" classname="com.careconnect.service.cerner.CernerResourceMapperTest" time="0">
<system-out><![CDATA[
unique-id: [engine:junit-jupiter]/[class:com.careconnect.service.cerner.CernerResourceMapperTest]/[test-template:rejectsBadBirthDate(java.lang.String)]/[test-template-invocation:#4]
display-name: [4] 2026-1-1
]]></system-out>
</testcase>
<testcase name="rejectsOneSidedTimes()" classname="com.careconnect.service.cerner.CernerResourceMapperTest" time="0.001">
<system-out><![CDATA[
unique-id: [engine:junit-jupiter]/[class:com.careconnect.service.cerner.CernerResourceMapperTest]/[method:rejectsOneSidedTimes()]
display-name: rejectsOneSidedTimes()
]]></system-out>
</testcase>
<testcase name="rejectsBadBirthDate(String)[3]" classname="com.careconnect.service.cerner.CernerResourceMapperTest" time="0">
<system-out><![CDATA[
unique-id: [engine:junit-jupiter]/[class:com.careconnect.service.cerner.CernerResourceMapperTest]/[test-template:rejectsBadBirthDate(java.lang.String)]/[test-template-invocation:#3]
display-name: [3] birthday
]]></system-out>
</testcase>
<testcase name="acceptedParticipantDoesNotOverrideCancellation()" classname="com.careconnect.service.cerner.CernerResourceMapperTest" time="0">
<system-out><![CDATA[
unique-id: [engine:junit-jupiter]/[class:com.careconnect.service.cerner.CernerResourceMapperTest]/[method:acceptedParticipantDoesNotOverrideCancellation()]
display-name: acceptedParticipantDoesNotOverrideCancellation()
]]></system-out>
</testcase>
<testcase name="rejectsBadBirthDate(String)[2]" classname="com.careconnect.service.cerner.CernerResourceMapperTest" time="0">
<system-out><![CDATA[
unique-id: [engine:junit-jupiter]/[class:com.careconnect.service.cerner.CernerResourceMapperTest]/[test-template:rejectsBadBirthDate(java.lang.String)]/[test-template-invocation:#2]
display-name: [2] 1990-13
]]></system-out>
</testcase>
<testcase name="rejectsBadBirthDate(String)[1]" classname="com.careconnect.service.cerner.CernerResourceMapperTest" time="0.002">
<system-out><![CDATA[
unique-id: [engine:junit-jupiter]/[class:com.careconnect.service.cerner.CernerResourceMapperTest]/[test-template:rejectsBadBirthDate(java.lang.String)]/[test-template-invocation:#1]
display-name: [1] 1990-02-30
]]></system-out>
</testcase>
<testcase name="doesNotSplitFreeTextNameOrInventFamily()" classname="com.careconnect.service.cerner.CernerResourceMapperTest" time="0">
<system-out><![CDATA[
unique-id: [engine:junit-jupiter]/[class:com.careconnect.service.cerner.CernerResourceMapperTest]/[method:doesNotSplitFreeTextNameOrInventFamily()]
display-name: doesNotSplitFreeTextNameOrInventFamily()
]]></system-out>
</testcase>
<testcase name="rejectsAdditionalDifferentPatient()" classname="com.careconnect.service.cerner.CernerResourceMapperTest" time="0">
<system-out><![CDATA[
unique-id: [engine:junit-jupiter]/[class:com.careconnect.service.cerner.CernerResourceMapperTest]/[method:rejectsAdditionalDifferentPatient()]
display-name: rejectsAdditionalDifferentPatient()
]]></system-out>
</testcase>
<testcase name="acceptsOnlyExactSameBaseAbsolutePatient()" classname="com.careconnect.service.cerner.CernerResourceMapperTest" time="0">
<system-out><![CDATA[
unique-id: [engine:junit-jupiter]/[class:com.careconnect.service.cerner.CernerResourceMapperTest]/[method:acceptsOnlyExactSameBaseAbsolutePatient()]
display-name: acceptsOnlyExactSameBaseAbsolutePatient()
]]></system-out>
</testcase>
<testcase name="patientCannotCrossLink()" classname="com.careconnect.service.cerner.CernerResourceMapperTest" time="0">
<system-out><![CDATA[
unique-id: [engine:junit-jupiter]/[class:com.careconnect.service.cerner.CernerResourceMapperTest]/[method:patientCannotCrossLink()]
display-name: patientCannotCrossLink()
]]></system-out>
</testcase>
<testcase name="rejectsUnscheduledBookedVisit()" classname="com.careconnect.service.cerner.CernerResourceMapperTest" time="0">
<system-out><![CDATA[
unique-id: [engine:junit-jupiter]/[class:com.careconnect.service.cerner.CernerResourceMapperTest]/[method:rejectsUnscheduledBookedVisit()]
display-name: rejectsUnscheduledBookedVisit()
]]></system-out>
</testcase>
<testcase name="rejectsMissingPatient()" classname="com.careconnect.service.cerner.CernerResourceMapperTest" time="0">
<system-out><![CDATA[
unique-id: [engine:junit-jupiter]/[class:com.careconnect.service.cerner.CernerResourceMapperTest]/[method:rejectsMissingPatient()]
display-name: rejectsMissingPatient()
]]></system-out>
</testcase>
<testcase name="preservesBirthPrecision(String)[3]" classname="com.careconnect.service.cerner.CernerResourceMapperTest" time="0">
<system-out><![CDATA[
unique-id: [engine:junit-jupiter]/[class:com.careconnect.service.cerner.CernerResourceMapperTest]/[test-template:preservesBirthPrecision(java.lang.String)]/[test-template-invocation:#3]
display-name: [3] 1990-01-03
]]></system-out>
</testcase>
<testcase name="selectsCurrentOfficialNameAndAllGivenParts()" classname="com.careconnect.service.cerner.CernerResourceMapperTest" time="0.011">
<system-out><![CDATA[
unique-id: [engine:junit-jupiter]/[class:com.careconnect.service.cerner.CernerResourceMapperTest]/[method:selectsCurrentOfficialNameAndAllGivenParts()]
display-name: selectsCurrentOfficialNameAndAllGivenParts()
]]></system-out>
</testcase>
<testcase name="preservesBirthPrecision(String)[1]" classname="com.careconnect.service.cerner.CernerResourceMapperTest" time="0">
<system-out><![CDATA[
unique-id: [engine:junit-jupiter]/[class:com.careconnect.service.cerner.CernerResourceMapperTest]/[test-template:preservesBirthPrecision(java.lang.String)]/[test-template-invocation:#1]
display-name: [1] 1990
]]></system-out>
</testcase>
<testcase name="preservesBirthPrecision(String)[2]" classname="com.careconnect.service.cerner.CernerResourceMapperTest" time="0">
<system-out><![CDATA[
unique-id: [engine:junit-jupiter]/[class:com.careconnect.service.cerner.CernerResourceMapperTest]/[test-template:preservesBirthPrecision(java.lang.String)]/[test-template-invocation:#2]
display-name: [2] 1990-01
]]></system-out>
</testcase>
<testcase name="isolatesTenantsAndKeepsOpaqueVersion()" classname="com.careconnect.service.cerner.CernerResourceMapperTest" time="0">
<system-out><![CDATA[
unique-id: [engine:junit-jupiter]/[class:com.careconnect.service.cerner.CernerResourceMapperTest]/[method:isolatesTenantsAndKeepsOpaqueVersion()]
display-name: isolatesTenantsAndKeepsOpaqueVersion()
]]></system-out>
</testcase>
<testcase name="rejectsReversedTimes()" classname="com.careconnect.service.cerner.CernerResourceMapperTest" time="0.002">
<system-out><![CDATA[
unique-id: [engine:junit-jupiter]/[class:com.careconnect.service.cerner.CernerResourceMapperTest]/[method:rejectsReversedTimes()]
display-name: rejectsReversedTimes()
]]></system-out>
</testcase>
<testcase name="rejectsOffsetFreeTimeWithoutLeakingValue()" classname="com.careconnect.service.cerner.CernerResourceMapperTest" time="0">
<system-out><![CDATA[
unique-id: [engine:junit-jupiter]/[class:com.careconnect.service.cerner.CernerResourceMapperTest]/[method:rejectsOffsetFreeTimeWithoutLeakingValue()]
display-name: rejectsOffsetFreeTimeWithoutLeakingValue()
]]></system-out>
</testcase>
<system-out><![CDATA[
unique-id: [engine:junit-jupiter]
display-name: JUnit Jupiter
]]></system-out>
</testsuite>
